<?xml version="1.0" encoding="UTF-8"?>
<testsuites name="jest tests" tests="7" failures="0" time="18.238">
  <testsuite name="icon" errors="0" failures="0" skipped="0" timestamp="2020-07-13T03:07:01" time="9.773" tests="2">
    <testcase classname="icon ICON 是 SVG" name="icon ICON 是 SVG" time="0.054">
    </testcase>
    <testcase classname="icon onClick" name="icon onClick" time="0.101">
    </testcase>
  </testsuite>
  <testsuite name="buttonn" errors="0" failures="0" skipped="0" timestamp="2020-07-13T03:07:11" time="1.291" tests="1">
    <testcase classname="buttonn 是个div" name="buttonn 是个div" time="0.017">
    </testcase>
  </testsuite>
  <testsuite name="classes" errors="0" failures="0" skipped="0" timestamp="2020-07-13T03:07:13" time="1.576" tests="3">
    <testcase classname="classes 他接受两个 className" name="classes 他接受两个 className" time="0.005">
    </testcase>
    <testcase classname="classes 不接受 undefined null false特殊值" name="classes 不接受 undefined null false特殊值" time="0.001">
    </testcase>
    <testcase classname="classes 他接收 0 个className" name="classes 他接收 0 个className" time="0">
    </testcase>
  </testsuite>
  <testsuite name="我的第一个测试用例" errors="0" failures="0" skipped="0" timestamp="2020-07-13T03:07:14" time="1.221" tests="1">
    <testcase classname="我的第一个测试用例 add(1, 2)等于3" name="我的第一个测试用例 add(1, 2)等于3" time="0.003">
    </testcase>
  </testsuite>
</testsuites>